<?xml version="1.0" encoding="UTF-8"?>
<!-- Generated by org.testng.reporters.JUnitReportReporter -->
<testsuite hostname="SSSLT24" failures="0" tests="1" name="org.test.Investor" time="7.083" errors="0" timestamp="2023-03-20T17:52:38 IST" skipped="0">
  <testcase classname="org.test.Investor" name="TC19" time="7.083"/>
  <system-out/>
</testsuite> <!-- org.test.Investor -->
