<?xml version="1.0" encoding="UTF-8"?>
<!-- Generated by org.testng.reporters.JUnitReportReporter -->
<testsuite hostname="SSSLT24" failures="0" tests="1" name="org.test.InstallerSetup" time="40.115" errors="0" timestamp="2023-03-28T19:54:32 IST" skipped="0">
  <testcase classname="org.test.InstallerSetup" name="TC34" time="40.115"/>
  <system-out/>
</testsuite> <!-- org.test.InstallerSetup -->
